<?xml version="1.0" encoding="UTF-8"?>
<!-- Generated by org.testng.reporters.JUnitXMLReporter -->
<testsuite hostname="TekArch" ignored="1" name="Default test" tests="1" failures="0" timestamp="31 Mar 2022 17:27:56 GMT" time="0.409" errors="0">
  <testcase name="@BeforeTest setup" time="0.0" classname="sfdc.test.BaseTest">
    <failure type="org.testng.TestNGException" message="
Parameter &amp;apos;browser name&amp;apos; is required by BeforeTest on method setup but has not been marked @Optional or defined
in C:\Users\user\AppData\Local\Temp\testng-eclipse--1104206393\testng-customsuite.xml">
      <![CDATA[org.testng.TestNGException: 
Parameter 'browser name' is required by BeforeTest on method setup but has not been marked @Optional or defined
in C:\Users\user\AppData\Local\Temp\testng-eclipse--1104206393\testng-customsuite.xml
	at org.testng.internal.Parameters.createParameters(Parameters.java:199)
	at org.testng.internal.Parameters.createParameters(Parameters.java:443)
	at org.testng.internal.Parameters.createConfigurationParameters(Parameters.java:118)
	at org.testng.internal.Invoker.invokeConfigurations(Invoker.java:203)
	at org.testng.internal.Invoker.invokeConfigurations(Invoker.java:144)
	at org.testng.TestRunner.beforeRun(TestRunner.java:634)
	at org.testng.TestRunner.run(TestRunner.java:602)
	at org.testng.SuiteRunner.runTest(SuiteRunner.java:387)
	at org.testng.SuiteRunner.runSequentially(SuiteRunner.java:382)
	at org.testng.SuiteRunner.privateRun(SuiteRunner.java:340)
	at org.testng.SuiteRunner.run(SuiteRunner.java:289)
	at org.testng.SuiteRunnerWorker.runSuite(SuiteRunnerWorker.java:52)
	at org.testng.SuiteRunnerWorker.run(SuiteRunnerWorker.java:86)
	at org.testng.TestNG.runSuitesSequentially(TestNG.java:1293)
	at org.testng.TestNG.runSuitesLocally(TestNG.java:1218)
	at org.testng.TestNG.runSuites(TestNG.java:1133)
	at org.testng.TestNG.run(TestNG.java:1104)
	at org.testng.remote.AbstractRemoteTestNG.run(AbstractRemoteTestNG.java:115)
	at org.testng.remote.RemoteTestNG.initAndRun(RemoteTestNG.java:251)
	at org.testng.remote.RemoteTestNG.main(RemoteTestNG.java:77)
]]>
    </failure>
  </testcase> <!-- @BeforeTest setup -->
  <testcase name="@BeforeMethod launchAPP" time="0.0" classname="sfdc.test.LoginTest">
    <skipped/>
  </testcase> <!-- @BeforeMethod launchAPP -->
  <testcase name="@AfterMethod afterConfigs" time="0.0" classname="sfdc.test.LoginTest">
    <skipped/>
  </testcase> <!-- @AfterMethod afterConfigs -->
  <testcase name="@AfterTest tearDown" time="0.0" classname="sfdc.test.BaseTest">
    <skipped/>
  </testcase> <!-- @AfterTest tearDown -->
  <testcase name="loginErrorMessageTC01" time="0.09" classname="sfdc.test.LoginTest">
    <skipped/>
  </testcase> <!-- loginErrorMessageTC01 -->
  <testcase name="loginAccounts" time="0.0" classname="sfdc.test.LoginTest">
    <ignored/>
  </testcase> <!-- loginAccounts -->
</testsuite> <!-- Default test -->
