<?xml version="1.0" encoding="UTF-8"?>
<testng-results skipped="0" failed="1" ignored="1" total="3" passed="1">
  <reporter-output>
  </reporter-output>
  <suite name="Regression" duration-ms="39747" started-at="2022-03-31T17:37:36Z" finished-at="2022-03-31T17:38:16Z">
    <groups>
      <group name="usermenu">
        <method signature="UserMenuTest.selectUserMenuDropDownTC05(java.lang.reflect.Method)[pri:0, instance:sfdc.test.UserMenuTest@3a079870]" name="selectUserMenuDropDownTC05" class="sfdc.test.UserMenuTest"/>
      </group> <!-- usermenu -->
      <group name="regression">
        <method signature="UserMenuTest.selectUserMenuDropDownTC05(java.lang.reflect.Method)[pri:0, instance:sfdc.test.UserMenuTest@3a079870]" name="selectUserMenuDropDownTC05" class="sfdc.test.UserMenuTest"/>
        <method signature="LoginTest.loginErrorMessageTC01(java.lang.reflect.Method)[pri:0, instance:sfdc.test.LoginTest@4387b79e]" name="loginErrorMessageTC01" class="sfdc.test.LoginTest"/>
      </group> <!-- regression -->
      <group name="smoke">
        <method signature="UserMenuTest.selectUserMenuDropDownTC05(java.lang.reflect.Method)[pri:0, instance:sfdc.test.UserMenuTest@3a079870]" name="selectUserMenuDropDownTC05" class="sfdc.test.UserMenuTest"/>
      </group> <!-- smoke -->
      <group name="login">
        <method signature="LoginTest.loginErrorMessageTC01(java.lang.reflect.Method)[pri:0, instance:sfdc.test.LoginTest@4387b79e]" name="loginErrorMessageTC01" class="sfdc.test.LoginTest"/>
      </group> <!-- login -->
    </groups>
    <test name="Thread2" duration-ms="37758" started-at="2022-03-31T17:37:36Z" finished-at="2022-03-31T17:38:14Z">
      <class name="sfdc.test.LoginTest">
        <test-method status="PASS" signature="suiteLevelConfigs()[pri:0, instance:sfdc.test.LoginTest@4387b79e]" name="suiteLevelConfigs" is-config="true" duration-ms="72" started-at="2022-03-31T10:37:36Z" finished-at="2022-03-31T10:37:36Z">
          <reporter-output>
          </reporter-output>
        </test-method> <!-- suiteLevelConfigs -->
        <test-method status="PASS" signature="setup(java.lang.String)[pri:0, instance:sfdc.test.LoginTest@4387b79e]" name="setup" is-config="true" duration-ms="23360" started-at="2022-03-31T10:37:36Z" finished-at="2022-03-31T10:37:59Z">
          <params>
            <param index="0">
              <value>
                <![CDATA[firefox]]>
              </value>
            </param>
          </params>
          <reporter-output>
          </reporter-output>
        </test-method> <!-- setup -->
        <test-method status="PASS" signature="launchAPP()[pri:0, instance:sfdc.test.LoginTest@4387b79e]" name="launchAPP" is-config="true" duration-ms="5763" started-at="2022-03-31T10:37:59Z" finished-at="2022-03-31T10:38:05Z">
          <reporter-output>
          </reporter-output>
        </test-method> <!-- launchAPP -->
        <test-method status="PASS" signature="loginErrorMessageTC01(java.lang.reflect.Method)[pri:0, instance:sfdc.test.LoginTest@4387b79e]" name="loginErrorMessageTC01" duration-ms="8453" started-at="2022-03-31T10:38:05Z" finished-at="2022-03-31T10:38:14Z">
          <params>
            <param index="0">
              <value>
                <![CDATA[public void sfdc.test.LoginTest.loginErrorMessageTC01(java.lang.reflect.Method) throws java.io.IOException]]>
              </value>
            </param>
          </params>
          <reporter-output>
          </reporter-output>
        </test-method> <!-- loginErrorMessageTC01 -->
        <test-method status="PASS" signature="afterConfigs()[pri:0, instance:sfdc.test.LoginTest@4387b79e]" name="afterConfigs" is-config="true" duration-ms="1" started-at="2022-03-31T10:38:14Z" finished-at="2022-03-31T10:38:14Z">
          <reporter-output>
          </reporter-output>
        </test-method> <!-- afterConfigs -->
        <test-method status="FAIL" signature="tearDown()[pri:0, instance:sfdc.test.LoginTest@4387b79e]" name="tearDown" is-config="true" duration-ms="0" started-at="2022-03-31T10:38:14Z" finished-at="2022-03-31T10:38:14Z">
          <exception class="org.openqa.selenium.NoSuchSessionException">
            <message>
              <![CDATA[Tried to run command without establishing a connection
Build info: version: '3.141.59', revision: 'e82be7d358', time: '2018-11-14T08:17:03'
System info: host: 'TEKARCH', ip: '192.168.1.12', os.name: 'Windows 10', os.arch: 'amd64', os.version: '10.0', java.version: '1.8.0_202'
Driver info: org.openqa.selenium.firefox.FirefoxDriver
Capabilities {acceptInsecureCerts: true, browserName: firefox, browserVersion: 96.0.3, javascriptEnabled: true, moz:accessibilityChecks: false, moz:buildID: 20220126154723, moz:geckodriverVersion: 0.30.0, moz:headless: false, moz:processID: 6372, moz:profile: C:\Users\user\AppData\Local..., moz:shutdownTimeout: 60000, moz:useNonSpecCompliantPointerOrigin: false, moz:webdriverClick: true, pageLoadStrategy: normal, platform: WINDOWS, platformName: WINDOWS, platformVersion: 10.0, proxy: Proxy(), setWindowRect: true, strictFileInteractability: false, timeouts: {implicit: 0, pageLoad: 300000, script: 30000}, unhandledPromptBehavior: dismiss and notify}
Session ID: 23e949d9-9cf5-4f06-9d21-388fe1c4eb9c]]>
            </message>
            <full-stacktrace>
              <![CDATA[org.openqa.selenium.NoSuchSessionException: Tried to run command without establishing a connection
Build info: version: '3.141.59', revision: 'e82be7d358', time: '2018-11-14T08:17:03'
System info: host: 'TEKARCH', ip: '192.168.1.12', os.name: 'Windows 10', os.arch: 'amd64', os.version: '10.0', java.version: '1.8.0_202'
Driver info: org.openqa.selenium.firefox.FirefoxDriver
Capabilities {acceptInsecureCerts: true, browserName: firefox, browserVersion: 96.0.3, javascriptEnabled: true, moz:accessibilityChecks: false, moz:buildID: 20220126154723, moz:geckodriverVersion: 0.30.0, moz:headless: false, moz:processID: 6372, moz:profile: C:\Users\user\AppData\Local..., moz:shutdownTimeout: 60000, moz:useNonSpecCompliantPointerOrigin: false, moz:webdriverClick: true, pageLoadStrategy: normal, platform: WINDOWS, platformName: WINDOWS, platformVersion: 10.0, proxy: Proxy(), setWindowRect: true, strictFileInteractability: false, timeouts: {implicit: 0, pageLoad: 300000, script: 30000}, unhandledPromptBehavior: dismiss and notify}
Session ID: 23e949d9-9cf5-4f06-9d21-388fe1c4eb9c
	at sun.reflect.NativeConstructorAccessorImpl.newInstance0(Native Method)
	at sun.reflect.NativeConstructorAccessorImpl.newInstance(NativeConstructorAccessorImpl.java:62)
	at sun.reflect.DelegatingConstructorAccessorImpl.newInstance(DelegatingConstructorAccessorImpl.java:45)
	at java.lang.reflect.Constructor.newInstance(Constructor.java:423)
	at org.openqa.selenium.remote.http.W3CHttpResponseCodec.createException(W3CHttpResponseCodec.java:187)
	at org.openqa.selenium.remote.http.W3CHttpResponseCodec.decode(W3CHttpResponseCodec.java:122)
	at org.openqa.selenium.remote.http.W3CHttpResponseCodec.decode(W3CHttpResponseCodec.java:49)
	at org.openqa.selenium.remote.HttpCommandExecutor.execute(HttpCommandExecutor.java:158)
	at org.openqa.selenium.remote.service.DriverCommandExecutor.execute(DriverCommandExecutor.java:83)
	at org.openqa.selenium.remote.RemoteWebDriver.execute(RemoteWebDriver.java:552)
	at org.openqa.selenium.remote.RemoteWebDriver.execute(RemoteWebDriver.java:609)
	at org.openqa.selenium.remote.RemoteWebDriver.close(RemoteWebDriver.java:442)
	at sfdc.test.BaseTest.tearDown(BaseTest.java:67)
	at sun.reflect.NativeMethodAccessorImpl.invoke0(Native Method)
	at sun.reflect.NativeMethodAccessorImpl.invoke(NativeMethodAccessorImpl.java:62)
	at sun.reflect.DelegatingMethodAccessorImpl.invoke(DelegatingMethodAccessorImpl.java:43)
	at java.lang.reflect.Method.invoke(Method.java:498)
	at org.testng.internal.MethodInvocationHelper.invokeMethod(MethodInvocationHelper.java:104)
	at org.testng.internal.Invoker.invokeConfigurationMethod(Invoker.java:515)
	at org.testng.internal.Invoker.invokeConfigurations(Invoker.java:217)
	at org.testng.internal.Invoker.invokeConfigurations(Invoker.java:144)
	at org.testng.TestRunner.afterRun(TestRunner.java:983)
	at org.testng.TestRunner.run(TestRunner.java:614)
	at org.testng.SuiteRunner.runTest(SuiteRunner.java:387)
	at org.testng.SuiteRunner.access$000(SuiteRunner.java:39)
	at org.testng.SuiteRunner$SuiteWorker.run(SuiteRunner.java:421)
	at org.testng.internal.thread.ThreadUtil$2.call(ThreadUtil.java:64)
	at java.util.concurrent.FutureTask.run(FutureTask.java:266)
	at java.util.concurrent.ThreadPoolExecutor.runWorker(ThreadPoolExecutor.java:1149)
	at java.util.concurrent.ThreadPoolExecutor$Worker.run(ThreadPoolExecutor.java:624)
	at java.lang.Thread.run(Thread.java:748)
]]>
            </full-stacktrace>
          </exception> <!-- org.openqa.selenium.NoSuchSessionException -->
          <reporter-output>
          </reporter-output>
        </test-method> <!-- tearDown -->
      </class> <!-- sfdc.test.LoginTest -->
    </test> <!-- Thread2 -->
    <test name="Chrometests" duration-ms="39747" started-at="2022-03-31T17:37:36Z" finished-at="2022-03-31T17:38:16Z">
      <class name="sfdc.test.UserMenuTest">
        <test-method status="PASS" signature="setup(java.lang.String)[pri:0, instance:sfdc.test.UserMenuTest@3a079870]" name="setup" is-config="true" duration-ms="23353" started-at="2022-03-31T10:37:36Z" finished-at="2022-03-31T10:37:59Z">
          <params>
            <param index="0">
              <value>
                <![CDATA[firefox]]>
              </value>
            </param>
          </params>
          <reporter-output>
          </reporter-output>
        </test-method> <!-- setup -->
        <test-method status="FAIL" signature="selectUserMenuDropDownTC05(java.lang.reflect.Method)[pri:0, instance:sfdc.test.UserMenuTest@3a079870]" name="selectUserMenuDropDownTC05" duration-ms="9041" started-at="2022-03-31T10:37:59Z" finished-at="2022-03-31T10:38:08Z">
          <params>
            <param index="0">
              <value>
                <![CDATA[public void sfdc.test.UserMenuTest.selectUserMenuDropDownTC05(java.lang.reflect.Method) throws java.io.IOException,java.lang.InterruptedException]]>
              </value>
            </param>
          </params>
          <exception class="org.openqa.selenium.NoSuchElementException">
            <message>
              <![CDATA[Unable to locate element: #userNavLabel
For documentation on this error, please visit: https://www.seleniumhq.org/exceptions/no_such_element.html
Build info: version: '3.141.59', revision: 'e82be7d358', time: '2018-11-14T08:17:03'
System info: host: 'TEKARCH', ip: '192.168.1.12', os.name: 'Windows 10', os.arch: 'amd64', os.version: '10.0', java.version: '1.8.0_202'
Driver info: org.openqa.selenium.firefox.FirefoxDriver
Capabilities {acceptInsecureCerts: true, browserName: firefox, browserVersion: 96.0.3, javascriptEnabled: true, moz:accessibilityChecks: false, moz:buildID: 20220126154723, moz:geckodriverVersion: 0.30.0, moz:headless: false, moz:processID: 6372, moz:profile: C:\Users\user\AppData\Local..., moz:shutdownTimeout: 60000, moz:useNonSpecCompliantPointerOrigin: false, moz:webdriverClick: true, pageLoadStrategy: normal, platform: WINDOWS, platformName: WINDOWS, platformVersion: 10.0, proxy: Proxy(), setWindowRect: true, strictFileInteractability: false, timeouts: {implicit: 0, pageLoad: 300000, script: 30000}, unhandledPromptBehavior: dismiss and notify}
Session ID: 23e949d9-9cf5-4f06-9d21-388fe1c4eb9c
*** Element info: {Using=id, value=userNavLabel}]]>
            </message>
            <full-stacktrace>
              <![CDATA[org.openqa.selenium.NoSuchElementException: Unable to locate element: #userNavLabel
For documentation on this error, please visit: https://www.seleniumhq.org/exceptions/no_such_element.html
Build info: version: '3.141.59', revision: 'e82be7d358', time: '2018-11-14T08:17:03'
System info: host: 'TEKARCH', ip: '192.168.1.12', os.name: 'Windows 10', os.arch: 'amd64', os.version: '10.0', java.version: '1.8.0_202'
Driver info: org.openqa.selenium.firefox.FirefoxDriver
Capabilities {acceptInsecureCerts: true, browserName: firefox, browserVersion: 96.0.3, javascriptEnabled: true, moz:accessibilityChecks: false, moz:buildID: 20220126154723, moz:geckodriverVersion: 0.30.0, moz:headless: false, moz:processID: 6372, moz:profile: C:\Users\user\AppData\Local..., moz:shutdownTimeout: 60000, moz:useNonSpecCompliantPointerOrigin: false, moz:webdriverClick: true, pageLoadStrategy: normal, platform: WINDOWS, platformName: WINDOWS, platformVersion: 10.0, proxy: Proxy(), setWindowRect: true, strictFileInteractability: false, timeouts: {implicit: 0, pageLoad: 300000, script: 30000}, unhandledPromptBehavior: dismiss and notify}
Session ID: 23e949d9-9cf5-4f06-9d21-388fe1c4eb9c
*** Element info: {Using=id, value=userNavLabel}
	at sun.reflect.NativeConstructorAccessorImpl.newInstance0(Native Method)
	at sun.reflect.NativeConstructorAccessorImpl.newInstance(NativeConstructorAccessorImpl.java:62)
	at sun.reflect.DelegatingConstructorAccessorImpl.newInstance(DelegatingConstructorAccessorImpl.java:45)
	at java.lang.reflect.Constructor.newInstance(Constructor.java:423)
	at org.openqa.selenium.remote.http.W3CHttpResponseCodec.createException(W3CHttpResponseCodec.java:187)
	at org.openqa.selenium.remote.http.W3CHttpResponseCodec.decode(W3CHttpResponseCodec.java:122)
	at org.openqa.selenium.remote.http.W3CHttpResponseCodec.decode(W3CHttpResponseCodec.java:49)
	at org.openqa.selenium.remote.HttpCommandExecutor.execute(HttpCommandExecutor.java:158)
	at org.openqa.selenium.remote.service.DriverCommandExecutor.execute(DriverCommandExecutor.java:83)
	at org.openqa.selenium.remote.RemoteWebDriver.execute(RemoteWebDriver.java:552)
	at org.openqa.selenium.remote.RemoteWebDriver.findElement(RemoteWebDriver.java:323)
	at org.openqa.selenium.remote.RemoteWebDriver.findElementById(RemoteWebDriver.java:372)
	at org.openqa.selenium.By$ById.findElement(By.java:188)
	at org.openqa.selenium.remote.RemoteWebDriver.findElement(RemoteWebDriver.java:315)
	at org.openqa.selenium.support.pagefactory.DefaultElementLocator.findElement(DefaultElementLocator.java:69)
	at org.openqa.selenium.support.pagefactory.internal.LocatingElementHandler.invoke(LocatingElementHandler.java:38)
	at com.sun.proxy.$Proxy15.getText(Unknown Source)
	at sfdc.pages.UserMenuPage.verifyUserName(UserMenuPage.java:50)
	at sfdc.test.UserMenuTest.selectUserMenuDropDownTC05(UserMenuTest.java:16)
	at sun.reflect.NativeMethodAccessorImpl.invoke0(Native Method)
	at sun.reflect.NativeMethodAccessorImpl.invoke(NativeMethodAccessorImpl.java:62)
	at sun.reflect.DelegatingMethodAccessorImpl.invoke(DelegatingMethodAccessorImpl.java:43)
	at java.lang.reflect.Method.invoke(Method.java:498)
	at org.testng.internal.MethodInvocationHelper.invokeMethod(MethodInvocationHelper.java:104)
	at org.testng.internal.Invoker.invokeMethod(Invoker.java:645)
	at org.testng.internal.Invoker.invokeTestMethod(Invoker.java:851)
	at org.testng.internal.Invoker.invokeTestMethods(Invoker.java:1177)
	at org.testng.internal.TestMethodWorker.invokeTestMethods(TestMethodWorker.java:129)
	at org.testng.internal.TestMethodWorker.run(TestMethodWorker.java:112)
	at org.testng.TestRunner.privateRun(TestRunner.java:756)
	at org.testng.TestRunner.run(TestRunner.java:610)
	at org.testng.SuiteRunner.runTest(SuiteRunner.java:387)
	at org.testng.SuiteRunner.access$000(SuiteRunner.java:39)
	at org.testng.SuiteRunner$SuiteWorker.run(SuiteRunner.java:421)
	at org.testng.internal.thread.ThreadUtil$2.call(ThreadUtil.java:64)
	at java.util.concurrent.FutureTask.run(FutureTask.java:266)
	at java.util.concurrent.ThreadPoolExecutor.runWorker(ThreadPoolExecutor.java:1149)
	at java.util.concurrent.ThreadPoolExecutor$Worker.run(ThreadPoolExecutor.java:624)
	at java.lang.Thread.run(Thread.java:748)
]]>
            </full-stacktrace>
          </exception> <!-- org.openqa.selenium.NoSuchElementException -->
          <reporter-output>
          </reporter-output>
        </test-method> <!-- selectUserMenuDropDownTC05 -->
        <test-method status="PASS" signature="tearDown()[pri:0, instance:sfdc.test.UserMenuTest@3a079870]" name="tearDown" is-config="true" duration-ms="7170" started-at="2022-03-31T10:38:08Z" finished-at="2022-03-31T10:38:16Z">
          <reporter-output>
          </reporter-output>
        </test-method> <!-- tearDown -->
      </class> <!-- sfdc.test.UserMenuTest -->
    </test> <!-- Chrometests -->
  </suite> <!-- Regression -->
</testng-results>
